


          SolidWorks Corporation - STEP Processor Error Log
          ______________________________________________________

                       STEP Post Processor
                       ___________________


STEP File Name: F:\eye_test\Eyepiece Revisions\Neopixel Things\neopixelring-16x-1.snapshot.1\Neopixelring16x\Dokumentation\NeoPixel16x.stp


Surfaces successfully processed into a solid body.
STEP-in completed.Surfaces successfully processed into a solid body.
STEP-in completed.Surfaces successfully processed into a solid body.
STEP-in completed.Surfaces successfully processed into a solid body.
STEP-in completed.Surfaces successfully processed into a solid body.
STEP-in completed.Surfaces successfully processed into a solid body.
STEP-in completed.Surfaces successfully processed into a solid body.
STEP-in completed.
Error: Unable to create solid from trimmed surfaces.
STEP-in did not complete successfully.
Surfaces successfully processed into a solid body.
STEP-in completed.
Error: Unable to create solid from trimmed surfaces.
STEP-in did not complete successfully.
Surfaces successfully processed into a solid body.
STEP-in completed.
Error: Unable to create solid from trimmed surfaces.
STEP-in did not complete successfully.
Surfaces successfully processed into a solid body.
STEP-in completed.
Error: Unable to create solid from trimmed surfaces.
STEP-in did not complete successfully.
Surfaces successfully processed into a solid body.
STEP-in completed.
Error: Unable to create solid from trimmed surfaces.
STEP-in did not complete successfully.
Surfaces successfully processed into a solid body.
STEP-in completed.
Error: Unable to create solid from trimmed surfaces.
STEP-in did not complete successfully.
Surfaces successfully processed into a solid body.
STEP-in completed.
Error: Unable to create solid from trimmed surfaces.
STEP-in did not complete successfully.
Surfaces successfully processed into a solid body.
STEP-in completed.
Error: Unable to create solid from trimmed surfaces.
STEP-in did not complete successfully.
Surfaces successfully processed into a solid body.
STEP-in completed.
Error: Unable to create solid from trimmed surfaces.
STEP-in did not complete successfully.
Surfaces successfully processed into a solid body.
STEP-in completed.
Error: Unable to create solid from trimmed surfaces.
STEP-in did not complete successfully.
Surfaces successfully processed into a solid body.
STEP-in completed.
Error: Unable to create solid from trimmed surfaces.
STEP-in did not complete successfully.
Surfaces successfully processed into a solid body.
STEP-in completed.
Error: Unable to create solid from trimmed surfaces.
STEP-in did not complete successfully.
Surfaces successfully processed into a solid body.
STEP-in completed.
Error: Unable to create solid from trimmed surfaces.
STEP-in did not complete successfully.
Surfaces successfully processed into a solid body.
STEP-in completed.
Error: Unable to create solid from trimmed surfaces.
STEP-in did not complete successfully.
Surfaces successfully processed into a solid body.
STEP-in completed.
Error: Unable to create solid from trimmed surfaces.
STEP-in did not complete successfully.
Surfaces successfully processed into a solid body.
STEP-in completed.
Error: Unable to create solid from trimmed surfaces.
STEP-in did not complete successfully.
Surfaces successfully processed into a solid body.
STEP-in completed.
Error: Unable to create solid from trimmed surfaces.
STEP-in did not complete successfully.
Surfaces successfully processed into a solid body.
STEP-in completed.
Error: Unable to create solid from trimmed surfaces.
STEP-in did not complete successfully.
Surfaces successfully processed into a solid body.
STEP-in completed.
Error: Unable to create solid from trimmed surfaces.
STEP-in did not complete successfully.
Surfaces successfully processed into a solid body.
STEP-in completed.
Error: Unable to create solid from trimmed surfaces.
STEP-in did not complete successfully.
Surfaces successfully processed into a solid body.
STEP-in completed.
Error: Unable to create solid from trimmed surfaces.
STEP-in did not complete successfully.
Surfaces successfully processed into a solid body.
STEP-in completed.
Error: Unable to create solid from trimmed surfaces.
STEP-in did not complete successfully.
Surfaces successfully processed into a solid body.
STEP-in completed.
Error: Unable to create solid from trimmed surfaces.
STEP-in did not complete successfully.
Surfaces successfully processed into a solid body.
STEP-in completed.
Error: Unable to create solid from trimmed surfaces.
STEP-in did not complete successfully.
Surfaces successfully processed into a solid body.
STEP-in completed.
Error: Unable to create solid from trimmed surfaces.
STEP-in did not complete successfully.
Surfaces successfully processed into a solid body.
STEP-in completed.
Error: Unable to create solid from trimmed surfaces.
STEP-in did not complete successfully.
Surfaces successfully processed into a solid body.
STEP-in completed.
Error: Unable to create solid from trimmed surfaces.
STEP-in did not complete successfully.
Surfaces successfully processed into a solid body.
STEP-in completed.
Error: Unable to create solid from trimmed surfaces.
STEP-in did not complete successfully.
Surfaces successfully processed into a solid body.
STEP-in completed.
Error: Unable to create solid from trimmed surfaces.
STEP-in did not complete successfully.
Surfaces successfully processed into a solid body.
STEP-in completed.
Error: Unable to create solid from trimmed surfaces.
STEP-in did not complete successfully.
Surfaces successfully processed into a solid body.
STEP-in completed.
Error: Unable to create solid from trimmed surfaces.
STEP-in did not complete successfully.
Surfaces successfully processed into a solid body.
STEP-in completed.
Error: Unable to create solid from trimmed surfaces.
STEP-in did not complete successfully.
Surfaces successfully processed into a solid body.
STEP-in completed.
Error: Unable to create solid from trimmed surfaces.
STEP-in did not complete successfully.
Surfaces successfully processed into a solid body.
STEP-in completed.
Error: Unable to create solid from trimmed surfaces.
STEP-in did not complete successfully.
Surfaces successfully processed into a solid body.
STEP-in completed.
Error: Unable to create solid from trimmed surfaces.
STEP-in did not complete successfully.
Surfaces successfully processed into a solid body.
STEP-in completed.
Error: Unable to create solid from trimmed surfaces.
STEP-in did not complete successfully.
Surfaces successfully processed into a solid body.
STEP-in completed.
Error: Unable to create solid from trimmed surfaces.
STEP-in did not complete successfully.
Surfaces successfully processed into a solid body.
STEP-in completed.
Error: Unable to create solid from trimmed surfaces.
STEP-in did not complete successfully.
Surfaces successfully processed into a solid body.
STEP-in completed.
Error: Unable to create solid from trimmed surfaces.
STEP-in did not complete successfully.
Surfaces successfully processed into a solid body.
STEP-in completed.
Error: Unable to create solid from trimmed surfaces.
STEP-in did not complete successfully.
Surfaces successfully processed into a solid body.
STEP-in completed.
Error: Unable to create solid from trimmed surfaces.
STEP-in did not complete successfully.
Surfaces successfully processed into a solid body.
STEP-in completed.
Error: Unable to create solid from trimmed surfaces.
STEP-in did not complete successfully.
